[2020-08-09 05:28:42] local.ERROR: View [home] not found. {"exception":"[object] (InvalidArgumentException(code: 0): View [home] not found. at C:\\Users\\CityTech\\Desktop\\Academy\\laravel2020\\summer_training_2020_laravelProject\\vendor\\laravel\\framework\\src\\Illuminate\\View\\FileViewFinder.php:137)
[stacktrace]
#0 C:\\Users\\CityTech\\Desktop\\Academy\\laravel2020\\summer_training_2020_laravelProject\\vendor\\laravel\\framework\\src\\Illuminate\\View\\FileViewFinder.php(79): Illuminate\\View\\FileViewFinder->findInPaths('home', Array)
#1 C:\\Users\\CityTech\\Desktop\\Academy\\laravel2020\\summer_training_2020_laravelProject\\vendor\\laravel\\framework\\src\\Illuminate\\View\\Factory.php(131): Illuminate\\View\\FileViewFinder->find('home')
#2 C:\\Users\\CityTech\\Desktop\\Academy\\laravel2020\\summer_training_2020_laravelProject\\vendor\\laravel\\framework\\src\\Illuminate\\Foundation\\helpers.php(961): Illuminate\\View\\Factory->make('home', Array, Array)
#3 C:\\Users\\CityTech\\Desktop\\Academy\\laravel2020\\summer_training_2020_laravelProject\\app\\Http\\Controllers\\HomeController.php(63): view('home', Array)
#4 [internal function]: App\\Http\\Controllers\\HomeController->home()
#5 C:\\Users\\CityTech\\Desktop\\Academy\\laravel2020\\summer_training_2020_laravelProject\\vendor\\laravel\\framework\\src\\Illuminate\\Routing\\Controller.php(54): call_user_func_array(Array, Array)
#6 C:\\Users\\CityTech\\Desktop\\Academy\\laravel2020\\summer_training_2020_laravelProject\\vendor\\laravel\\framework\\src\\Illuminate\\Routing\\ControllerDispatcher.php(45): Illuminate\\Routing\\Controller->callAction('home', Array)
#7 C:\\Users\\CityTech\\Desktop\\Academy\\laravel2020\\summer_training_2020_laravelProject\\vendor\\laravel\\framework\\src\\Illuminate\\Routing\\Route.php(239): Illuminate\\Routing\\ControllerDispatcher->dispatch(Object(Illuminate\\Routing\\Route), Object(App\\Http\\Controllers\\HomeController), 'home')
#8 C:\\Users\\CityTech\\Desktop\\Academy\\laravel2020\\summer_training_2020_laravelProject\\vendor\\laravel\\framework\\src\\Illuminate\\Routing\\Route.php(196): Illuminate\\Routing\\Route->runController()
#9 C:\\Users\\CityTech\\Desktop\\Academy\\laravel2020\\summer_training_2020_laravelProject\\vendor\\laravel\\framework\\src\\Illuminate\\Routing\\Router.php(685): Illuminate\\Routing\\Route->run()
#10 C:\\Users\\CityTech\\Desktop\\Academy\\laravel2020\\summer_training_2020_laravelProject\\vendor\\laravel\\framework\\src\\Illuminate\\Pipeline\\Pipeline.php(128): Illuminate\\Routing\\Router->Illuminate\\Routing\\{closure}(Object(Illuminate\\Http\\Request))
#11 C:\\Users\\CityTech\\Desktop\\Academy\\laravel2020\\summer_training_2020_laravelProject\\app\\Http\\Middleware\\Localization.php(21): Illuminate\\Pipeline\\Pipeline->Illuminate\\Pipeline\\{closure}(Object(Illuminate\\Http\\Request))
#12 C:\\Users\\CityTech\\Desktop\\Academy\\laravel2020\\summer_training_2020_laravelProject\\vendor\\laravel\\framework\\src\\Illuminate\\Pipeline\\Pipeline.php(167): App\\Http\\Middleware\\Localization->handle(Object(Illuminate\\Http\\Request), Object(Closure))
#13 C:\\Users\\CityTech\\Desktop\\Academy\\laravel2020\\summer_training_2020_laravelProject\\vendor\\laravel\\framework\\src\\Illuminate\\Routing\\Middleware\\SubstituteBindings.php(41): Illuminate\\Pipeline\\Pipeline->Illuminate\\Pipeline\\{closure}(Object(Illuminate\\Http\\Request))
#14 C:\\Users\\CityTech\\Desktop\\Academy\\laravel2020\\summer_training_2020_laravelProject\\vendor\\laravel\\framework\\src\\Illuminate\\Pipeline\\Pipeline.php(167): Illuminate\\Routing\\Middleware\\SubstituteBindings->handle(Object(Illuminate\\Http\\Request), Object(Closure))
#15 C:\\Users\\CityTech\\Desktop\\Academy\\laravel2020\\summer_training_2020_laravelProject\\vendor\\laravel\\framework\\src\\Illuminate\\Foundation\\Http\\Middleware\\VerifyCsrfToken.php(76): Illuminate\\Pipeline\\Pipeline->Illuminate\\Pipeline\\{closure}(Object(Illuminate\\Http\\Request))
#16 C:\\Users\\CityTech\\Desktop\\Academy\\laravel2020\\summer_training_2020_laravelProject\\vendor\\laravel\\framework\\src\\Illuminate\\Pipeline\\Pipeline.php(167): Illuminate\\Foundation\\Http\\Middleware\\VerifyCsrfToken->handle(Object(Illuminate\\Http\\Request), Object(Closure))
#17 C:\\Users\\CityTech\\Desktop\\Academy\\laravel2020\\summer_training_2020_laravelProject\\vendor\\laravel\\framework\\src\\Illuminate\\View\\Middleware\\ShareErrorsFromSession.php(49): Illuminate\\Pipeline\\Pipeline->Illuminate\\Pipeline\\{closure}(Object(Illuminate\\Http\\Request))
#18 C:\\Users\\CityTech\\Desktop\\Academy\\laravel2020\\summer_training_2020_laravelProject\\vendor\\laravel\\framework\\src\\Illuminate\\Pipeline\\Pipeline.php(167): Illuminate\\View\\Middleware\\ShareErrorsFromSession->handle(Object(Illuminate\\Http\\Request), Object(Closure))
#19 C:\\Users\\CityTech\\Desktop\\Academy\\laravel2020\\summer_training_2020_laravelProject\\vendor\\laravel\\framework\\src\\Illuminate\\Session\\Middleware\\StartSession.php(116): Illuminate\\Pipeline\\Pipeline->Illuminate\\Pipeline\\{closure}(Object(Illuminate\\Http\\Request))
#20 C:\\Users\\CityTech\\Desktop\\Academy\\laravel2020\\summer_training_2020_laravelProject\\vendor\\laravel\\framework\\src\\Illuminate\\Session\\Middleware\\StartSession.php(62): Illuminate\\Session\\Middleware\\StartSession->handleStatefulRequest(Object(Illuminate\\Http\\Request), Object(Illuminate\\Session\\Store), Object(Closure))
#21 C:\\Users\\CityTech\\Desktop\\Academy\\laravel2020\\summer_training_2020_laravelProject\\vendor\\laravel\\framework\\src\\Illuminate\\Pipeline\\Pipeline.php(167): Illuminate\\Session\\Middleware\\StartSession->handle(Object(Illuminate\\Http\\Request), Object(Closure))
#22 C:\\Users\\CityTech\\Desktop\\Academy\\laravel2020\\summer_training_2020_laravelProject\\vendor\\laravel\\framework\\src\\Illuminate\\Cookie\\Middleware\\AddQueuedCookiesToResponse.php(37): Illuminate\\Pipeline\\Pipeline->Illuminate\\Pipeline\\{closure}(Object(Illuminate\\Http\\Request))
#23 C:\\Users\\CityTech\\Desktop\\Academy\\laravel2020\\summer_training_2020_laravelProject\\vendor\\laravel\\framework\\src\\Illuminate\\Pipeline\\Pipeline.php(167): Illuminate\\Cookie\\Middleware\\AddQueuedCookiesToResponse->handle(Object(Illuminate\\Http\\Request), Object(Closure))
#24 C:\\Users\\CityTech\\Desktop\\Academy\\laravel2020\\summer_training_2020_laravelProject\\vendor\\laravel\\framework\\src\\Illuminate\\Cookie\\Middleware\\EncryptCookies.php(66): Illuminate\\Pipeline\\Pipeline->Illuminate\\Pipeline\\{closure}(Object(Illuminate\\Http\\Request))
#25 C:\\Users\\CityTech\\Desktop\\Academy\\laravel2020\\summer_training_2020_laravelProject\\vendor\\laravel\\framework\\src\\Illuminate\\Pipeline\\Pipeline.php(167): Illuminate\\Cookie\\Middleware\\EncryptCookies->handle(Object(Illuminate\\Http\\Request), Object(Closure))
#26 C:\\Users\\CityTech\\Desktop\\Academy\\laravel2020\\summer_training_2020_laravelProject\\vendor\\laravel\\framework\\src\\Illuminate\\Pipeline\\Pipeline.php(103): Illuminate\\Pipeline\\Pipeline->Illuminate\\Pipeline\\{closure}(Object(Illuminate\\Http\\Request))
#27 C:\\Users\\CityTech\\Desktop\\Academy\\laravel2020\\summer_training_2020_laravelProject\\vendor\\laravel\\framework\\src\\Illuminate\\Routing\\Router.php(687): Illuminate\\Pipeline\\Pipeline->then(Object(Closure))
#28 C:\\Users\\CityTech\\Desktop\\Academy\\laravel2020\\summer_training_2020_laravelProject\\vendor\\laravel\\framework\\src\\Illuminate\\Routing\\Router.php(662): Illuminate\\Routing\\Router->runRouteWithinStack(Object(Illuminate\\Routing\\Route), Object(Illuminate\\Http\\Request))
#29 C:\\Users\\CityTech\\Desktop\\Academy\\laravel2020\\summer_training_2020_laravelProject\\vendor\\laravel\\framework\\src\\Illuminate\\Routing\\Router.php(628): Illuminate\\Routing\\Router->runRoute(Object(Illuminate\\Http\\Request), Object(Illuminate\\Routing\\Route))
#30 C:\\Users\\CityTech\\Desktop\\Academy\\laravel2020\\summer_training_2020_laravelProject\\vendor\\laravel\\framework\\src\\Illuminate\\Routing\\Router.php(617): Illuminate\\Routing\\Router->dispatchToRoute(Object(Illuminate\\Http\\Request))
#31 C:\\Users\\CityTech\\Desktop\\Academy\\laravel2020\\summer_training_2020_laravelProject\\vendor\\laravel\\framework\\src\\Illuminate\\Foundation\\Http\\Kernel.php(165): Illuminate\\Routing\\Router->dispatch(Object(Illuminate\\Http\\Request))
#32 C:\\Users\\CityTech\\Desktop\\Academy\\laravel2020\\summer_training_2020_laravelProject\\vendor\\laravel\\framework\\src\\Illuminate\\Pipeline\\Pipeline.php(128): Illuminate\\Foundation\\Http\\Kernel->Illuminate\\Foundation\\Http\\{closure}(Object(Illuminate\\Http\\Request))
#33 C:\\Users\\CityTech\\Desktop\\Academy\\laravel2020\\summer_training_2020_laravelProject\\vendor\\laravel\\framework\\src\\Illuminate\\Foundation\\Http\\Middleware\\TransformsRequest.php(21): Illuminate\\Pipeline\\Pipeline->Illuminate\\Pipeline\\{closure}(Object(Illuminate\\Http\\Request))
#34 C:\\Users\\CityTech\\Desktop\\Academy\\laravel2020\\summer_training_2020_laravelProject\\vendor\\laravel\\framework\\src\\Illuminate\\Pipeline\\Pipeline.php(167): Illuminate\\Foundation\\Http\\Middleware\\TransformsRequest->handle(Object(Illuminate\\Http\\Request), Object(Closure))
#35 C:\\Users\\CityTech\\Desktop\\Academy\\laravel2020\\summer_training_2020_laravelProject\\vendor\\laravel\\framework\\src\\Illuminate\\Foundation\\Http\\Middleware\\TransformsRequest.php(21): Illuminate\\Pipeline\\Pipeline->Illuminate\\Pipeline\\{closure}(Object(Illuminate\\Http\\Request))
#36 C:\\Users\\CityTech\\Desktop\\Academy\\laravel2020\\summer_training_2020_laravelProject\\vendor\\laravel\\framework\\src\\Illuminate\\Pipeline\\Pipeline.php(167): Illuminate\\Foundation\\Http\\Middleware\\TransformsRequest->handle(Object(Illuminate\\Http\\Request), Object(Closure))
#37 C:\\Users\\CityTech\\Desktop\\Academy\\laravel2020\\summer_training_2020_laravelProject\\vendor\\laravel\\framework\\src\\Illuminate\\Foundation\\Http\\Middleware\\ValidatePostSize.php(27): Illuminate\\Pipeline\\Pipeline->Illuminate\\Pipeline\\{closure}(Object(Illuminate\\Http\\Request))
#38 C:\\Users\\CityTech\\Desktop\\Academy\\laravel2020\\summer_training_2020_laravelProject\\vendor\\laravel\\framework\\src\\Illuminate\\Pipeline\\Pipeline.php(167): Illuminate\\Foundation\\Http\\Middleware\\ValidatePostSize->handle(Object(Illuminate\\Http\\Request), Object(Closure))
#39 C:\\Users\\CityTech\\Desktop\\Academy\\laravel2020\\summer_training_2020_laravelProject\\vendor\\laravel\\framework\\src\\Illuminate\\Foundation\\Http\\Middleware\\CheckForMaintenanceMode.php(63): Illuminate\\Pipeline\\Pipeline->Illuminate\\Pipeline\\{closure}(Object(Illuminate\\Http\\Request))
#40 C:\\Users\\CityTech\\Desktop\\Academy\\laravel2020\\summer_training_2020_laravelProject\\vendor\\laravel\\framework\\src\\Illuminate\\Pipeline\\Pipeline.php(167): Illuminate\\Foundation\\Http\\Middleware\\CheckForMaintenanceMode->handle(Object(Illuminate\\Http\\Request), Object(Closure))
#41 C:\\Users\\CityTech\\Desktop\\Academy\\laravel2020\\summer_training_2020_laravelProject\\vendor\\fruitcake\\laravel-cors\\src\\HandleCors.php(37): Illuminate\\Pipeline\\Pipeline->Illuminate\\Pipeline\\{closure}(Object(Illuminate\\Http\\Request))
#42 C:\\Users\\CityTech\\Desktop\\Academy\\laravel2020\\summer_training_2020_laravelProject\\vendor\\laravel\\framework\\src\\Illuminate\\Pipeline\\Pipeline.php(167): Fruitcake\\Cors\\HandleCors->handle(Object(Illuminate\\Http\\Request), Object(Closure))
#43 C:\\Users\\CityTech\\Desktop\\Academy\\laravel2020\\summer_training_2020_laravelProject\\vendor\\fideloper\\proxy\\src\\TrustProxies.php(57): Illuminate\\Pipeline\\Pipeline->Illuminate\\Pipeline\\{closure}(Object(Illuminate\\Http\\Request))
#44 C:\\Users\\CityTech\\Desktop\\Academy\\laravel2020\\summer_training_2020_laravelProject\\vendor\\laravel\\framework\\src\\Illuminate\\Pipeline\\Pipeline.php(167): Fideloper\\Proxy\\TrustProxies->handle(Object(Illuminate\\Http\\Request), Object(Closure))
#45 C:\\Users\\CityTech\\Desktop\\Academy\\laravel2020\\summer_training_2020_laravelProject\\vendor\\laravel\\framework\\src\\Illuminate\\Pipeline\\Pipeline.php(103): Illuminate\\Pipeline\\Pipeline->Illuminate\\Pipeline\\{closure}(Object(Illuminate\\Http\\Request))
#46 C:\\Users\\CityTech\\Desktop\\Academy\\laravel2020\\summer_training_2020_laravelProject\\vendor\\laravel\\framework\\src\\Illuminate\\Foundation\\Http\\Kernel.php(140): Illuminate\\Pipeline\\Pipeline->then(Object(Closure))
#47 C:\\Users\\CityTech\\Desktop\\Academy\\laravel2020\\summer_training_2020_laravelProject\\vendor\\laravel\\framework\\src\\Illuminate\\Foundation\\Http\\Kernel.php(109): Illuminate\\Foundation\\Http\\Kernel->sendRequestThroughRouter(Object(Illuminate\\Http\\Request))
#48 C:\\Users\\CityTech\\Desktop\\Academy\\laravel2020\\summer_training_2020_laravelProject\\public\\index.php(55): Illuminate\\Foundation\\Http\\Kernel->handle(Object(Illuminate\\Http\\Request))
#49 C:\\Users\\CityTech\\Desktop\\Academy\\laravel2020\\summer_training_2020_laravelProject\\server.php(21): require_once('C:\\\\Users\\\\CityTe...')
#50 {main}
"} 
[2020-08-09 05:28:45] local.ERROR: file_put_contents(C:\Users\CityTech\Desktop\laravel2020\summer_training_2020_laravelProject\storage\framework/sessions/29eP9IRFQMVBkzJ7OxY2KemoS4PsY0NTzCk4Fkwi): failed to open stream: No such file or directory {"exception":"[object] (ErrorException(code: 0): file_put_contents(C:\\Users\\CityTech\\Desktop\\laravel2020\\summer_training_2020_laravelProject\\storage\\framework/sessions/29eP9IRFQMVBkzJ7OxY2KemoS4PsY0NTzCk4Fkwi): failed to open stream: No such file or directory at C:\\Users\\CityTech\\Desktop\\Academy\\laravel2020\\summer_training_2020_laravelProject\\vendor\\laravel\\framework\\src\\Illuminate\\Filesystem\\Filesystem.php:135)
[stacktrace]
#0 [internal function]: Illuminate\\Foundation\\Bootstrap\\HandleExceptions->handleError(2, 'file_put_conten...', 'C:\\\\Users\\\\CityTe...', 135, Array)
#1 C:\\Users\\CityTech\\Desktop\\Academy\\laravel2020\\summer_training_2020_laravelProject\\vendor\\laravel\\framework\\src\\Illuminate\\Filesystem\\Filesystem.php(135): file_put_contents('C:\\\\Users\\\\CityTe...', 'a:3:{s:6:\"_toke...', 2)
#2 C:\\Users\\CityTech\\Desktop\\Academy\\laravel2020\\summer_training_2020_laravelProject\\vendor\\laravel\\framework\\src\\Illuminate\\Session\\FileSessionHandler.php(83): Illuminate\\Filesystem\\Filesystem->put('C:\\\\Users\\\\CityTe...', 'a:3:{s:6:\"_toke...', true)
#3 C:\\Users\\CityTech\\Desktop\\Academy\\laravel2020\\summer_training_2020_laravelProject\\vendor\\laravel\\framework\\src\\Illuminate\\Session\\Store.php(129): Illuminate\\Session\\FileSessionHandler->write('29eP9IRFQMVBkzJ...', 'a:3:{s:6:\"_toke...')
#4 C:\\Users\\CityTech\\Desktop\\Academy\\laravel2020\\summer_training_2020_laravelProject\\vendor\\laravel\\framework\\src\\Illuminate\\Session\\Middleware\\StartSession.php(231): Illuminate\\Session\\Store->save()
#5 C:\\Users\\CityTech\\Desktop\\Academy\\laravel2020\\summer_training_2020_laravelProject\\vendor\\laravel\\framework\\src\\Illuminate\\Session\\Middleware\\StartSession.php(125): Illuminate\\Session\\Middleware\\StartSession->saveSession(Object(Illuminate\\Http\\Request))
#6 C:\\Users\\CityTech\\Desktop\\Academy\\laravel2020\\summer_training_2020_laravelProject\\vendor\\laravel\\framework\\src\\Illuminate\\Session\\Middleware\\StartSession.php(62): Illuminate\\Session\\Middleware\\StartSession->handleStatefulRequest(Object(Illuminate\\Http\\Request), Object(Illuminate\\Session\\Store), Object(Closure))
#7 C:\\Users\\CityTech\\Desktop\\Academy\\laravel2020\\summer_training_2020_laravelProject\\vendor\\laravel\\framework\\src\\Illuminate\\Pipeline\\Pipeline.php(167): Illuminate\\Session\\Middleware\\StartSession->handle(Object(Illuminate\\Http\\Request), Object(Closure))
#8 C:\\Users\\CityTech\\Desktop\\Academy\\laravel2020\\summer_training_2020_laravelProject\\vendor\\laravel\\framework\\src\\Illuminate\\Cookie\\Middleware\\AddQueuedCookiesToResponse.php(37): Illuminate\\Pipeline\\Pipeline->Illuminate\\Pipeline\\{closure}(Object(Illuminate\\Http\\Request))
#9 C:\\Users\\CityTech\\Desktop\\Academy\\laravel2020\\summer_training_2020_laravelProject\\vendor\\laravel\\framework\\src\\Illuminate\\Pipeline\\Pipeline.php(167): Illuminate\\Cookie\\Middleware\\AddQueuedCookiesToResponse->handle(Object(Illuminate\\Http\\Request), Object(Closure))
#10 C:\\Users\\CityTech\\Desktop\\Academy\\laravel2020\\summer_training_2020_laravelProject\\vendor\\laravel\\framework\\src\\Illuminate\\Cookie\\Middleware\\EncryptCookies.php(66): Illuminate\\Pipeline\\Pipeline->Illuminate\\Pipeline\\{closure}(Object(Illuminate\\Http\\Request))
#11 C:\\Users\\CityTech\\Desktop\\Academy\\laravel2020\\summer_training_2020_laravelProject\\vendor\\laravel\\framework\\src\\Illuminate\\Pipeline\\Pipeline.php(167): Illuminate\\Cookie\\Middleware\\EncryptCookies->handle(Object(Illuminate\\Http\\Request), Object(Closure))
#12 C:\\Users\\CityTech\\Desktop\\Academy\\laravel2020\\summer_training_2020_laravelProject\\vendor\\laravel\\framework\\src\\Illuminate\\Pipeline\\Pipeline.php(103): Illuminate\\Pipeline\\Pipeline->Illuminate\\Pipeline\\{closure}(Object(Illuminate\\Http\\Request))
#13 C:\\Users\\CityTech\\Desktop\\Academy\\laravel2020\\summer_training_2020_laravelProject\\vendor\\laravel\\framework\\src\\Illuminate\\Routing\\Router.php(687): Illuminate\\Pipeline\\Pipeline->then(Object(Closure))
#14 C:\\Users\\CityTech\\Desktop\\Academy\\laravel2020\\summer_training_2020_laravelProject\\vendor\\laravel\\framework\\src\\Illuminate\\Routing\\Router.php(662): Illuminate\\Routing\\Router->runRouteWithinStack(Object(Illuminate\\Routing\\Route), Object(Illuminate\\Http\\Request))
#15 C:\\Users\\CityTech\\Desktop\\Academy\\laravel2020\\summer_training_2020_laravelProject\\vendor\\laravel\\framework\\src\\Illuminate\\Routing\\Router.php(628): Illuminate\\Routing\\Router->runRoute(Object(Illuminate\\Http\\Request), Object(Illuminate\\Routing\\Route))
#16 C:\\Users\\CityTech\\Desktop\\Academy\\laravel2020\\summer_training_2020_laravelProject\\vendor\\laravel\\framework\\src\\Illuminate\\Routing\\Router.php(617): Illuminate\\Routing\\Router->dispatchToRoute(Object(Illuminate\\Http\\Request))
#17 C:\\Users\\CityTech\\Desktop\\Academy\\laravel2020\\summer_training_2020_laravelProject\\vendor\\laravel\\framework\\src\\Illuminate\\Foundation\\Http\\Kernel.php(165): Illuminate\\Routing\\Router->dispatch(Object(Illuminate\\Http\\Request))
#18 C:\\Users\\CityTech\\Desktop\\Academy\\laravel2020\\summer_training_2020_laravelProject\\vendor\\laravel\\framework\\src\\Illuminate\\Pipeline\\Pipeline.php(128): Illuminate\\Foundation\\Http\\Kernel->Illuminate\\Foundation\\Http\\{closure}(Object(Illuminate\\Http\\Request))
#19 C:\\Users\\CityTech\\Desktop\\Academy\\laravel2020\\summer_training_2020_laravelProject\\vendor\\laravel\\framework\\src\\Illuminate\\Foundation\\Http\\Middleware\\TransformsRequest.php(21): Illuminate\\Pipeline\\Pipeline->Illuminate\\Pipeline\\{closure}(Object(Illuminate\\Http\\Request))
#20 C:\\Users\\CityTech\\Desktop\\Academy\\laravel2020\\summer_training_2020_laravelProject\\vendor\\laravel\\framework\\src\\Illuminate\\Pipeline\\Pipeline.php(167): Illuminate\\Foundation\\Http\\Middleware\\TransformsRequest->handle(Object(Illuminate\\Http\\Request), Object(Closure))
#21 C:\\Users\\CityTech\\Desktop\\Academy\\laravel2020\\summer_training_2020_laravelProject\\vendor\\laravel\\framework\\src\\Illuminate\\Foundation\\Http\\Middleware\\TransformsRequest.php(21): Illuminate\\Pipeline\\Pipeline->Illuminate\\Pipeline\\{closure}(Object(Illuminate\\Http\\Request))
#22 C:\\Users\\CityTech\\Desktop\\Academy\\laravel2020\\summer_training_2020_laravelProject\\vendor\\laravel\\framework\\src\\Illuminate\\Pipeline\\Pipeline.php(167): Illuminate\\Foundation\\Http\\Middleware\\TransformsRequest->handle(Object(Illuminate\\Http\\Request), Object(Closure))
#23 C:\\Users\\CityTech\\Desktop\\Academy\\laravel2020\\summer_training_2020_laravelProject\\vendor\\laravel\\framework\\src\\Illuminate\\Foundation\\Http\\Middleware\\ValidatePostSize.php(27): Illuminate\\Pipeline\\Pipeline->Illuminate\\Pipeline\\{closure}(Object(Illuminate\\Http\\Request))
#24 C:\\Users\\CityTech\\Desktop\\Academy\\laravel2020\\summer_training_2020_laravelProject\\vendor\\laravel\\framework\\src\\Illuminate\\Pipeline\\Pipeline.php(167): Illuminate\\Foundation\\Http\\Middleware\\ValidatePostSize->handle(Object(Illuminate\\Http\\Request), Object(Closure))
#25 C:\\Users\\CityTech\\Desktop\\Academy\\laravel2020\\summer_training_2020_laravelProject\\vendor\\laravel\\framework\\src\\Illuminate\\Foundation\\Http\\Middleware\\CheckForMaintenanceMode.php(63): Illuminate\\Pipeline\\Pipeline->Illuminate\\Pipeline\\{closure}(Object(Illuminate\\Http\\Request))
#26 C:\\Users\\CityTech\\Desktop\\Academy\\laravel2020\\summer_training_2020_laravelProject\\vendor\\laravel\\framework\\src\\Illuminate\\Pipeline\\Pipeline.php(167): Illuminate\\Foundation\\Http\\Middleware\\CheckForMaintenanceMode->handle(Object(Illuminate\\Http\\Request), Object(Closure))
#27 C:\\Users\\CityTech\\Desktop\\Academy\\laravel2020\\summer_training_2020_laravelProject\\vendor\\fruitcake\\laravel-cors\\src\\HandleCors.php(37): Illuminate\\Pipeline\\Pipeline->Illuminate\\Pipeline\\{closure}(Object(Illuminate\\Http\\Request))
#28 C:\\Users\\CityTech\\Desktop\\Academy\\laravel2020\\summer_training_2020_laravelProject\\vendor\\laravel\\framework\\src\\Illuminate\\Pipeline\\Pipeline.php(167): Fruitcake\\Cors\\HandleCors->handle(Object(Illuminate\\Http\\Request), Object(Closure))
#29 C:\\Users\\CityTech\\Desktop\\Academy\\laravel2020\\summer_training_2020_laravelProject\\vendor\\fideloper\\proxy\\src\\TrustProxies.php(57): Illuminate\\Pipeline\\Pipeline->Illuminate\\Pipeline\\{closure}(Object(Illuminate\\Http\\Request))
#30 C:\\Users\\CityTech\\Desktop\\Academy\\laravel2020\\summer_training_2020_laravelProject\\vendor\\laravel\\framework\\src\\Illuminate\\Pipeline\\Pipeline.php(167): Fideloper\\Proxy\\TrustProxies->handle(Object(Illuminate\\Http\\Request), Object(Closure))
#31 C:\\Users\\CityTech\\Desktop\\Academy\\laravel2020\\summer_training_2020_laravelProject\\vendor\\laravel\\framework\\src\\Illuminate\\Pipeline\\Pipeline.php(103): Illuminate\\Pipeline\\Pipeline->Illuminate\\Pipeline\\{closure}(Object(Illuminate\\Http\\Request))
#32 C:\\Users\\CityTech\\Desktop\\Academy\\laravel2020\\summer_training_2020_laravelProject\\vendor\\laravel\\framework\\src\\Illuminate\\Foundation\\Http\\Kernel.php(140): Illuminate\\Pipeline\\Pipeline->then(Object(Closure))
#33 C:\\Users\\CityTech\\Desktop\\Academy\\laravel2020\\summer_training_2020_laravelProject\\vendor\\laravel\\framework\\src\\Illuminate\\Foundation\\Http\\Kernel.php(109): Illuminate\\Foundation\\Http\\Kernel->sendRequestThroughRouter(Object(Illuminate\\Http\\Request))
#34 C:\\Users\\CityTech\\Desktop\\Academy\\laravel2020\\summer_training_2020_laravelProject\\public\\index.php(55): Illuminate\\Foundation\\Http\\Kernel->handle(Object(Illuminate\\Http\\Request))
#35 C:\\Users\\CityTech\\Desktop\\Academy\\laravel2020\\summer_training_2020_laravelProject\\server.php(21): require_once('C:\\\\Users\\\\CityTe...')
#36 {main}
"} 
[2020-08-09 05:29:25] local.ERROR: Unable to prepare route [api/user] for serialization. Uses Closure. {"exception":"[object] (LogicException(code: 0): Unable to prepare route [api/user] for serialization. Uses Closure. at C:\\Users\\CityTech\\Desktop\\Academy\\laravel2020\\summer_training_2020_laravelProject\\vendor\\laravel\\framework\\src\\Illuminate\\Routing\\Route.php:1140)
[stacktrace]
#0 C:\\Users\\CityTech\\Desktop\\Academy\\laravel2020\\summer_training_2020_laravelProject\\vendor\\laravel\\framework\\src\\Illuminate\\Foundation\\Console\\RouteCacheCommand.php(62): Illuminate\\Routing\\Route->prepareForSerialization()
#1 [internal function]: Illuminate\\Foundation\\Console\\RouteCacheCommand->handle()
#2 C:\\Users\\CityTech\\Desktop\\Academy\\laravel2020\\summer_training_2020_laravelProject\\vendor\\laravel\\framework\\src\\Illuminate\\Container\\BoundMethod.php(33): call_user_func_array(Array, Array)
#3 C:\\Users\\CityTech\\Desktop\\Academy\\laravel2020\\summer_training_2020_laravelProject\\vendor\\laravel\\framework\\src\\Illuminate\\Container\\Util.php(36): Illuminate\\Container\\BoundMethod::Illuminate\\Container\\{closure}()
#4 C:\\Users\\CityTech\\Desktop\\Academy\\laravel2020\\summer_training_2020_laravelProject\\vendor\\laravel\\framework\\src\\Illuminate\\Container\\BoundMethod.php(91): Illuminate\\Container\\Util::unwrapIfClosure(Object(Closure))
#5 C:\\Users\\CityTech\\Desktop\\Academy\\laravel2020\\summer_training_2020_laravelProject\\vendor\\laravel\\framework\\src\\Illuminate\\Container\\BoundMethod.php(35): Illuminate\\Container\\BoundMethod::callBoundMethod(Object(Illuminate\\Foundation\\Application), Array, Object(Closure))
#6 C:\\Users\\CityTech\\Desktop\\Academy\\laravel2020\\summer_training_2020_laravelProject\\vendor\\laravel\\framework\\src\\Illuminate\\Container\\Container.php(592): Illuminate\\Container\\BoundMethod::call(Object(Illuminate\\Foundation\\Application), Array, Array, NULL)
#7 C:\\Users\\CityTech\\Desktop\\Academy\\laravel2020\\summer_training_2020_laravelProject\\vendor\\laravel\\framework\\src\\Illuminate\\Console\\Command.php(134): Illuminate\\Container\\Container->call(Array)
#8 C:\\Users\\CityTech\\Desktop\\Academy\\laravel2020\\summer_training_2020_laravelProject\\vendor\\symfony\\console\\Command\\Command.php(258): Illuminate\\Console\\Command->execute(Object(Symfony\\Component\\Console\\Input\\ArrayInput), Object(Illuminate\\Console\\OutputStyle))
#9 C:\\Users\\CityTech\\Desktop\\Academy\\laravel2020\\summer_training_2020_laravelProject\\vendor\\laravel\\framework\\src\\Illuminate\\Console\\Command.php(121): Symfony\\Component\\Console\\Command\\Command->run(Object(Symfony\\Component\\Console\\Input\\ArrayInput), Object(Illuminate\\Console\\OutputStyle))
#10 C:\\Users\\CityTech\\Desktop\\Academy\\laravel2020\\summer_training_2020_laravelProject\\vendor\\laravel\\framework\\src\\Illuminate\\Console\\Concerns\\CallsCommands.php(56): Illuminate\\Console\\Command->run(Object(Symfony\\Component\\Console\\Input\\ArrayInput), Object(Illuminate\\Console\\OutputStyle))
#11 C:\\Users\\CityTech\\Desktop\\Academy\\laravel2020\\summer_training_2020_laravelProject\\vendor\\laravel\\framework\\src\\Illuminate\\Console\\Concerns\\CallsCommands.php(28): Illuminate\\Console\\Command->runCommand('route:cache', Array, Object(Illuminate\\Console\\OutputStyle))
#12 C:\\Users\\CityTech\\Desktop\\Academy\\laravel2020\\summer_training_2020_laravelProject\\vendor\\laravel\\framework\\src\\Illuminate\\Foundation\\Console\\OptimizeCommand.php(31): Illuminate\\Console\\Command->call('route:cache')
#13 [internal function]: Illuminate\\Foundation\\Console\\OptimizeCommand->handle()
#14 C:\\Users\\CityTech\\Desktop\\Academy\\laravel2020\\summer_training_2020_laravelProject\\vendor\\laravel\\framework\\src\\Illuminate\\Container\\BoundMethod.php(33): call_user_func_array(Array, Array)
#15 C:\\Users\\CityTech\\Desktop\\Academy\\laravel2020\\summer_training_2020_laravelProject\\vendor\\laravel\\framework\\src\\Illuminate\\Container\\Util.php(36): Illuminate\\Container\\BoundMethod::Illuminate\\Container\\{closure}()
#16 C:\\Users\\CityTech\\Desktop\\Academy\\laravel2020\\summer_training_2020_laravelProject\\vendor\\laravel\\framework\\src\\Illuminate\\Container\\BoundMethod.php(91): Illuminate\\Container\\Util::unwrapIfClosure(Object(Closure))
#17 C:\\Users\\CityTech\\Desktop\\Academy\\laravel2020\\summer_training_2020_laravelProject\\vendor\\laravel\\framework\\src\\Illuminate\\Container\\BoundMethod.php(35): Illuminate\\Container\\BoundMethod::callBoundMethod(Object(Illuminate\\Foundation\\Application), Array, Object(Closure))
#18 C:\\Users\\CityTech\\Desktop\\Academy\\laravel2020\\summer_training_2020_laravelProject\\vendor\\laravel\\framework\\src\\Illuminate\\Container\\Container.php(592): Illuminate\\Container\\BoundMethod::call(Object(Illuminate\\Foundation\\Application), Array, Array, NULL)
#19 C:\\Users\\CityTech\\Desktop\\Academy\\laravel2020\\summer_training_2020_laravelProject\\vendor\\laravel\\framework\\src\\Illuminate\\Console\\Command.php(134): Illuminate\\Container\\Container->call(Array)
#20 C:\\Users\\CityTech\\Desktop\\Academy\\laravel2020\\summer_training_2020_laravelProject\\vendor\\symfony\\console\\Command\\Command.php(258): Illuminate\\Console\\Command->execute(Object(Symfony\\Component\\Console\\Input\\ArgvInput), Object(Illuminate\\Console\\OutputStyle))
#21 C:\\Users\\CityTech\\Desktop\\Academy\\laravel2020\\summer_training_2020_laravelProject\\vendor\\laravel\\framework\\src\\Illuminate\\Console\\Command.php(121): Symfony\\Component\\Console\\Command\\Command->run(Object(Symfony\\Component\\Console\\Input\\ArgvInput), Object(Illuminate\\Console\\OutputStyle))
#22 C:\\Users\\CityTech\\Desktop\\Academy\\laravel2020\\summer_training_2020_laravelProject\\vendor\\symfony\\console\\Application.php(911): Illuminate\\Console\\Command->run(Object(Symfony\\Component\\Console\\Input\\ArgvInput), Object(Symfony\\Component\\Console\\Output\\ConsoleOutput))
#23 C:\\Users\\CityTech\\Desktop\\Academy\\laravel2020\\summer_training_2020_laravelProject\\vendor\\symfony\\console\\Application.php(264): Symfony\\Component\\Console\\Application->doRunCommand(Object(Illuminate\\Foundation\\Console\\OptimizeCommand), Object(Symfony\\Component\\Console\\Input\\ArgvInput), Object(Symfony\\Component\\Console\\Output\\ConsoleOutput))
#24 C:\\Users\\CityTech\\Desktop\\Academy\\laravel2020\\summer_training_2020_laravelProject\\vendor\\symfony\\console\\Application.php(140): Symfony\\Component\\Console\\Application->doRun(Object(Symfony\\Component\\Console\\Input\\ArgvInput), Object(Symfony\\Component\\Console\\Output\\ConsoleOutput))
#25 C:\\Users\\CityTech\\Desktop\\Academy\\laravel2020\\summer_training_2020_laravelProject\\vendor\\laravel\\framework\\src\\Illuminate\\Console\\Application.php(93): Symfony\\Component\\Console\\Application->run(Object(Symfony\\Component\\Console\\Input\\ArgvInput), Object(Symfony\\Component\\Console\\Output\\ConsoleOutput))
#26 C:\\Users\\CityTech\\Desktop\\Academy\\laravel2020\\summer_training_2020_laravelProject\\vendor\\laravel\\framework\\src\\Illuminate\\Foundation\\Console\\Kernel.php(129): Illuminate\\Console\\Application->run(Object(Symfony\\Component\\Console\\Input\\ArgvInput), Object(Symfony\\Component\\Console\\Output\\ConsoleOutput))
#27 C:\\Users\\CityTech\\Desktop\\Academy\\laravel2020\\summer_training_2020_laravelProject\\artisan(37): Illuminate\\Foundation\\Console\\Kernel->handle(Object(Symfony\\Component\\Console\\Input\\ArgvInput), Object(Symfony\\Component\\Console\\Output\\ConsoleOutput))
#28 {main}
"} 
